<?xml version="1.0" encoding="UTF-8"?>
<!-- Generated by org.testng.reporters.JUnitXMLReporter -->
<testsuite hostname="GGN000190162001" ignored="0" name="Test" tests="2" failures="1" timestamp="22 Nov 2019 13:18:44 GMT" time="16.493" errors="0">
  <testcase name="testTitle1" time="0.023" classname="Tests.GoogleTest"/>
  <testcase name="testTitle2" time="0.008" classname="Tests.GoogleTest">
    <failure type="java.lang.AssertionError" message="expected [Google1] but found [Google]">
      <![CDATA[java.lang.AssertionError: expected [Google1] but found [Google]
at Tests.GoogleTest.testTitle2(GoogleTest.java:27)
... Removed 31 stack frames]]>
    </failure>
  </testcase> <!-- testTitle2 -->
</testsuite> <!-- Test -->
